{
  "stats": {
    "suites": 1,
    "tests": 1,
    "passes": 1,
    "pending": 0,
    "failures": 0,
    "start": "2025-06-16T14:50:41.072Z",
    "end": "2025-06-16T14:50:47.785Z",
    "duration": 6713,
    "testsRegistered": 1,
    "passPercent": 100,
    "pendingPercent": 0,
    "other": 0,
    "hasOther": false,
    "skipped": 0,
    "hasSkipped": false
  },
  "results": [
    {
      "uuid": "de30c602-ef18-4bf0-accc-52998ae56413",
      "title": "",
      "fullFile": "C:\\Users\\ugur.ayvaz\\Desktop\\selenium-ts-project\\test\\example.test.ts",
      "file": "\\test\\example.test.ts",
      "beforeHooks": [],
      "afterHooks": [],
      "tests": [],
      "suites": [
        {
          "uuid": "9d3d8f84-ba8e-44f5-86f4-a2d8dd4874fa",
          "title": "TC-01-Login",
          "fullFile": "C:\\Users\\ugur.ayvaz\\Desktop\\selenium-ts-project\\test\\example.test.ts",
          "file": "\\test\\example.test.ts",
          "beforeHooks": [
            {
              "title": "\"before all\" hook in \"TC-01-Login\"",
              "fullTitle": "TC-01-Login \"before all\" hook in \"TC-01-Login\"",
              "timedOut": null,
              "duration": 3028,
              "state": null,
              "speed": null,
              "pass": false,
              "fail": false,
              "pending": null,
              "context": null,
              "code": "__awaiter(this, void 0, void 0, function* () {\n        driver = yield new selenium_webdriver_1.Builder().forBrowser('chrome').build();\n        loginPage = new LoginPage_1.LoginPage(driver);\n        yield driver.get(`${URL}/login`);\n    })",
              "err": {},
              "uuid": "29cf675f-19cd-4455-9585-fb6148bebc26",
              "parentUUID": null,
              "isHook": true,
              "skipped": false
            }
          ],
          "afterHooks": [
            {
              "title": "\"after all\" hook in \"TC-01-Login\"",
              "fullTitle": "TC-01-Login \"after all\" hook in \"TC-01-Login\"",
              "timedOut": null,
              "duration": 30,
              "state": null,
              "speed": null,
              "pass": false,
              "fail": false,
              "pending": null,
              "context": null,
              "code": "__awaiter(this, void 0, void 0, function* () {\n        yield driver.quit();\n    })",
              "err": {},
              "uuid": "eb2c0cba-218f-45ae-a4c7-4a049ca9d83e",
              "parentUUID": null,
              "isHook": true,
              "skipped": false
            }
          ],
          "tests": [
            {
              "title": "Login should succeed",
              "fullTitle": "TC-01-Login Login should succeed",
              "timedOut": null,
              "duration": 1904,
              "state": "passed",
              "speed": "slow",
              "pass": true,
              "fail": false,
              "pending": false,
              "context": null,
              "code": "__awaiter(this, void 0, void 0, function* () {\n        const messageLocator = selenium_webdriver_1.By.css(\"h2.text-myspa-blue.text-4xl\");\n        const email = \"my-spa@mailbox.org\";\n        const password = \"bvmFlrZKTYnd!A1\";\n        yield loginPage.acceptCookiesIfVisible();\n        yield loginPage.login(email, password);\n        const element = yield driver.wait(selenium_webdriver_1.until.elementLocated(messageLocator), 5000);\n        const text = yield element.getText();\n        (0, chai_1.expect)(text).to.include('CHOOSE YOUR LOCATION');\n    })",
              "err": {},
              "uuid": "d521092a-505d-4358-bbaf-d13c540e167e",
              "parentUUID": null,
              "isHook": false,
              "skipped": false
            }
          ],
          "suites": [],
          "passes": [
            "d521092a-505d-4358-bbaf-d13c540e167e"
          ],
          "failures": [],
          "pending": [],
          "skipped": [],
          "duration": 1904,
          "root": false,
          "rootEmpty": false,
          "_timeout": null
        }
      ],
      "passes": [],
      "failures": [],
      "pending": [],
      "skipped": [],
      "duration": 0,
      "root": true,
      "rootEmpty": true,
      "_timeout": 0
    }
  ],
  "meta": {
    "mocha": {
      "version": "11.6.0"
    },
    "mochawesome": {
      "options": {
        "quiet": false,
        "reportFilename": "test-results",
        "saveHtml": true,
        "saveJson": true,
        "consoleReporter": "spec",
        "useInlineDiffs": false,
        "code": true
      },
      "version": "7.1.3"
    },
    "marge": {
      "options": {
        "reportDir": "./test-reports",
        "reportFilename": "test-results"
      },
      "version": "6.2.0"
    }
  }
}