{
  "stats": {
    "suites": 1,
    "tests": 1,
    "passes": 1,
    "pending": 0,
    "failures": 0,
    "start": "2025-06-16T15:16:20.120Z",
    "end": "2025-06-16T15:16:25.821Z",
    "duration": 5701,
    "testsRegistered": 1,
    "passPercent": 100,
    "pendingPercent": 0,
    "other": 0,
    "hasOther": false,
    "skipped": 0,
    "hasSkipped": false
  },
  "results": [
    {
      "uuid": "eae833f2-63ca-4d40-ac48-4240c2e49827",
      "title": "",
      "fullFile": "C:\\Users\\ugur.ayvaz\\Desktop\\selenium-ts-project\\test\\login.test.ts",
      "file": "\\test\\login.test.ts",
      "beforeHooks": [],
      "afterHooks": [],
      "tests": [],
      "suites": [
        {
          "uuid": "972f4fec-6a3d-410a-8e4d-68c4fa40cbd4",
          "title": "TC-01-Login",
          "fullFile": "C:\\Users\\ugur.ayvaz\\Desktop\\selenium-ts-project\\test\\login.test.ts",
          "file": "\\test\\login.test.ts",
          "beforeHooks": [
            {
              "title": "\"before all\" hook in \"TC-01-Login\"",
              "fullTitle": "TC-01-Login \"before all\" hook in \"TC-01-Login\"",
              "timedOut": null,
              "duration": 2617,
              "state": null,
              "speed": null,
              "pass": false,
              "fail": false,
              "pending": null,
              "context": null,
              "code": "__awaiter(this, void 0, void 0, function* () {\n        driver = yield new selenium_webdriver_1.Builder().forBrowser('chrome').build();\n        loginPage = new LoginPage_1.LoginPage(driver);\n        yield driver.get(`${URL}/login`);\n    })",
              "err": {},
              "uuid": "4deede5b-e4e9-4208-82e3-872c54d12e51",
              "parentUUID": null,
              "isHook": true,
              "skipped": false
            }
          ],
          "afterHooks": [
            {
              "title": "\"after all\" hook in \"TC-01-Login\"",
              "fullTitle": "TC-01-Login \"after all\" hook in \"TC-01-Login\"",
              "timedOut": null,
              "duration": 39,
              "state": null,
              "speed": null,
              "pass": false,
              "fail": false,
              "pending": null,
              "context": null,
              "code": "__awaiter(this, void 0, void 0, function* () {\n        yield driver.quit();\n    })",
              "err": {},
              "uuid": "1de15608-641c-40bb-a359-e069909ef74f",
              "parentUUID": null,
              "isHook": true,
              "skipped": false
            }
          ],
          "tests": [
            {
              "title": "Login should succeed",
              "fullTitle": "TC-01-Login Login should succeed",
              "timedOut": null,
              "duration": 1462,
              "state": "passed",
              "speed": "slow",
              "pass": true,
              "fail": false,
              "pending": false,
              "context": null,
              "code": "__awaiter(this, void 0, void 0, function* () {\n        const messageLocator = selenium_webdriver_1.By.css(\"h2.text-myspa-blue.text-4xl\");\n        const email = \"my-spa@mailbox.org\";\n        const password = \"bvmFlrZKTYnd!A1\";\n        yield loginPage.acceptCookiesIfVisible();\n        yield loginPage.login(email, password);\n        const element = yield driver.wait(selenium_webdriver_1.until.elementLocated(messageLocator), 5000);\n        const text = yield element.getText();\n        (0, chai_1.expect)(text).to.include('CHOOSE YOUR LOCATION');\n    })",
              "err": {},
              "uuid": "2d35e531-421c-4bfa-bac7-99a026282251",
              "parentUUID": null,
              "isHook": false,
              "skipped": false
            }
          ],
          "suites": [],
          "passes": [
            "2d35e531-421c-4bfa-bac7-99a026282251"
          ],
          "failures": [],
          "pending": [],
          "skipped": [],
          "duration": 1462,
          "root": false,
          "rootEmpty": false,
          "_timeout": null
        }
      ],
      "passes": [],
      "failures": [],
      "pending": [],
      "skipped": [],
      "duration": 0,
      "root": true,
      "rootEmpty": true,
      "_timeout": 0
    }
  ],
  "meta": {
    "mocha": {
      "version": "11.6.0"
    },
    "mochawesome": {
      "options": {
        "quiet": false,
        "reportFilename": "test-results",
        "saveHtml": true,
        "saveJson": true,
        "consoleReporter": "spec",
        "useInlineDiffs": false,
        "code": true
      },
      "version": "7.1.3"
    },
    "marge": {
      "options": {
        "reportDir": "./test-reports",
        "reportFilename": "test-results"
      },
      "version": "6.2.0"
    }
  }
}